<?xml version="1.0" encoding="UTF-8"?>
<testng-results ignored="0" total="1" passed="1" failed="0" skipped="0">
  <reporter-output>
  </reporter-output>
  <suite started-at="2023-01-02T09:34:59 IST" name="InetBankingP1" finished-at="2023-01-02T09:35:21 IST" duration-ms="21799">
    <groups>
    </groups>
    <test started-at="2023-01-02T09:34:59 IST" name="BankingApp Test" finished-at="2023-01-02T09:35:21 IST" duration-ms="21799">
      <class name="com.inetbanking.testCases.TC_LoginTest_001">
        <test-method is-config="true" signature="setup(java.lang.String)[pri:0, instance:com.inetbanking.testCases.TC_LoginTest_001@6356695f]" started-at="2023-01-02T09:34:59 IST" name="setup" finished-at="2023-01-02T09:35:12 IST" duration-ms="12953" status="PASS">
          <params>
            <param index="0">
              <value>
                <![CDATA[chrome]]>
              </value>
            </param>
          </params>
          <reporter-output>
          </reporter-output>
        </test-method> <!-- setup -->
        <test-method signature="loginTest()[pri:0, instance:com.inetbanking.testCases.TC_LoginTest_001@6356695f]" started-at="2023-01-02T09:35:12 IST" name="loginTest" finished-at="2023-01-02T09:35:20 IST" duration-ms="7779" status="PASS">
          <reporter-output>
          </reporter-output>
        </test-method> <!-- loginTest -->
        <test-method is-config="true" signature="teardown()[pri:0, instance:com.inetbanking.testCases.TC_LoginTest_001@6356695f]" started-at="2023-01-02T09:35:20 IST" name="teardown" finished-at="2023-01-02T09:35:21 IST" duration-ms="353" status="PASS">
          <reporter-output>
          </reporter-output>
        </test-method> <!-- teardown -->
      </class> <!-- com.inetbanking.testCases.TC_LoginTest_001 -->
    </test> <!-- BankingApp Test -->
  </suite> <!-- InetBankingP1 -->
</testng-results>
