<?xml version="1.0" encoding="UTF-8"?>
<testsuite xmlns:xsi="http://www.w3.org/2001/XMLSchema-instance" xsi:noNamespaceSchemaLocation="https://maven.apache.org/surefire/maven-surefire-plugin/xsd/surefire-test-report-3.0.xsd" version="3.0" name="TestSuite" time="23.424" tests="1" errors="0" skipped="0" failures="0">
  <properties>
[...]
</properties>
  <testcase name="loginTest" classname="com.inetbanking.testCases.TC_LoginTest_001" time="7.802">
    <system-out><![CDATA[[DEBUG] 2023-01-02 09:35:01.044 [main] InternalLoggerFactory - Using Log4J2 as the default logging framework
[DEBUG] 2023-01-02 09:35:01.061 [main] ResourceLeakDetector - -Dio.netty.leakDetection.level: simple
[DEBUG] 2023-01-02 09:35:01.061 [main] ResourceLeakDetector - -Dio.netty.leakDetection.targetRecords: 4
[DEBUG] 2023-01-02 09:35:01.068 [main] ResourceLeakDetectorFactory - Loaded default ResourceLeakDetector: io.netty.util.ResourceLeakDetector@5649ec46
[DEBUG] 2023-01-02 09:35:01.099 [main] PlatformDependent0 - -Dio.netty.noUnsafe: false
[DEBUG] 2023-01-02 09:35:01.099 [main] PlatformDependent0 - Java version: 17
[DEBUG] 2023-01-02 09:35:01.104 [main] PlatformDependent0 - sun.misc.Unsafe.theUnsafe: available
[DEBUG] 2023-01-02 09:35:01.104 [main] PlatformDependent0 - sun.misc.Unsafe.copyMemory: available
[DEBUG] 2023-01-02 09:35:01.104 [main] PlatformDependent0 - sun.misc.Unsafe.storeFence: available
[DEBUG] 2023-01-02 09:35:01.104 [main] PlatformDependent0 - java.nio.Buffer.address: available
[DEBUG] 2023-01-02 09:35:01.109 [main] PlatformDependent0 - direct buffer constructor: unavailable: Reflective setAccessible(true) disabled
[DEBUG] 2023-01-02 09:35:01.109 [main] PlatformDependent0 - java.nio.Bits.unaligned: available, true
[DEBUG] 2023-01-02 09:35:01.109 [main] PlatformDependent0 - jdk.internal.misc.Unsafe.allocateUninitializedArray(int): unavailable: class io.netty.util.internal.PlatformDependent0$7 cannot access class jdk.internal.misc.Unsafe (in module java.base) because module java.base does not export jdk.internal.misc to unnamed module @159f197
[DEBUG] 2023-01-02 09:35:01.116 [main] PlatformDependent0 - java.nio.DirectByteBuffer.<init>(long, int): unavailable
[DEBUG] 2023-01-02 09:35:01.116 [main] PlatformDependent - sun.misc.Unsafe: available
[DEBUG] 2023-01-02 09:35:01.116 [main] PlatformDependent - maxDirectMemory: 2126512128 bytes (maybe)
[DEBUG] 2023-01-02 09:35:01.116 [main] PlatformDependent - -Dio.netty.tmpdir: C:\Users\Sammy\AppData\Local\Temp (java.io.tmpdir)
[DEBUG] 2023-01-02 09:35:01.116 [main] PlatformDependent - -Dio.netty.bitMode: 64 (sun.arch.data.model)
[DEBUG] 2023-01-02 09:35:01.116 [main] PlatformDependent - Platform: Windows
[DEBUG] 2023-01-02 09:35:01.116 [main] PlatformDependent - -Dio.netty.maxDirectMemory: -1 bytes
[DEBUG] 2023-01-02 09:35:01.116 [main] PlatformDependent - -Dio.netty.uninitializedArrayAllocationThreshold: -1
[DEBUG] 2023-01-02 09:35:01.121 [main] CleanerJava9 - java.nio.ByteBuffer.cleaner(): available
[DEBUG] 2023-01-02 09:35:01.121 [main] PlatformDependent - -Dio.netty.noPreferDirect: false
[DEBUG] 2023-01-02 09:35:01.131 [main] PlatformDependent - org.jctools-core.MpscChunkedArrayQueue: available
[DEBUG] 2023-01-02 09:35:01.183 [main] InternalThreadLocalMap - -Dio.netty.threadLocalMap.stringBuilder.initialSize: 1024
[DEBUG] 2023-01-02 09:35:01.183 [main] InternalThreadLocalMap - -Dio.netty.threadLocalMap.stringBuilder.maxSize: 4096
[DEBUG] 2023-01-02 09:35:01.526 [main] JdkSslContext - Default protocols (JDK): [TLSv1.3, TLSv1.2] 
[DEBUG] 2023-01-02 09:35:01.526 [main] JdkSslContext - Default cipher suites (JDK): [TLS_ECDHE_ECDSA_WITH_AES_256_GCM_SHA384, TLS_ECDHE_ECDSA_WITH_AES_128_GCM_SHA256, TLS_ECDHE_RSA_WITH_AES_128_GCM_SHA256, TLS_ECDHE_RSA_WITH_AES_256_GCM_SHA384, TLS_ECDHE_RSA_WITH_AES_128_CBC_SHA, TLS_ECDHE_RSA_WITH_AES_256_CBC_SHA, TLS_RSA_WITH_AES_128_GCM_SHA256, TLS_RSA_WITH_AES_128_CBC_SHA, TLS_RSA_WITH_AES_256_CBC_SHA, TLS_AES_128_GCM_SHA256, TLS_AES_256_GCM_SHA384]
[DEBUG] 2023-01-02 09:35:01.584 [main] MultithreadEventLoopGroup - -Dio.netty.eventLoopThreads: 8
[DEBUG] 2023-01-02 09:35:01.604 [main] NioEventLoop - -Dio.netty.noKeySetOptimization: false
[DEBUG] 2023-01-02 09:35:01.609 [main] NioEventLoop - -Dio.netty.selectorAutoRebuildThreshold: 512
[DEBUG] 2023-01-02 09:35:01.683 [main] PooledByteBufAllocator - -Dio.netty.allocator.numHeapArenas: 8
[DEBUG] 2023-01-02 09:35:01.683 [main] PooledByteBufAllocator - -Dio.netty.allocator.numDirectArenas: 8
[DEBUG] 2023-01-02 09:35:01.683 [main] PooledByteBufAllocator - -Dio.netty.allocator.pageSize: 8192
[DEBUG] 2023-01-02 09:35:01.688 [main] PooledByteBufAllocator - -Dio.netty.allocator.maxOrder: 9
[DEBUG] 2023-01-02 09:35:01.688 [main] PooledByteBufAllocator - -Dio.netty.allocator.chunkSize: 4194304
[DEBUG] 2023-01-02 09:35:01.688 [main] PooledByteBufAllocator - -Dio.netty.allocator.smallCacheSize: 256
[DEBUG] 2023-01-02 09:35:01.688 [main] PooledByteBufAllocator - -Dio.netty.allocator.normalCacheSize: 64
[DEBUG] 2023-01-02 09:35:01.688 [main] PooledByteBufAllocator - -Dio.netty.allocator.maxCachedBufferCapacity: 32768
[DEBUG] 2023-01-02 09:35:01.688 [main] PooledByteBufAllocator - -Dio.netty.allocator.cacheTrimInterval: 8192
[DEBUG] 2023-01-02 09:35:01.688 [main] PooledByteBufAllocator - -Dio.netty.allocator.cacheTrimIntervalMillis: 0
[DEBUG] 2023-01-02 09:35:01.688 [main] PooledByteBufAllocator - -Dio.netty.allocator.useCacheForAllThreads: false
[DEBUG] 2023-01-02 09:35:01.688 [main] PooledByteBufAllocator - -Dio.netty.allocator.maxCachedByteBuffersPerChunk: 1023
[DEBUG] 2023-01-02 09:35:01.718 [main] ByteBufUtil - -Dio.netty.allocator.type: pooled
[DEBUG] 2023-01-02 09:35:01.718 [main] ByteBufUtil - -Dio.netty.threadLocalDirectBufferSize: 0
[DEBUG] 2023-01-02 09:35:01.718 [main] ByteBufUtil - -Dio.netty.maxThreadLocalCharBufferSize: 16384
[DEBUG] 2023-01-02 09:35:02.384 [Forwarding newSession on session null to remote] DefaultChannelId - -Dio.netty.processId: 18220 (auto-detected)
[DEBUG] 2023-01-02 09:35:02.394 [Forwarding newSession on session null to remote] NetUtil - -Djava.net.preferIPv4Stack: false
[DEBUG] 2023-01-02 09:35:02.394 [Forwarding newSession on session null to remote] NetUtil - -Djava.net.preferIPv6Addresses: false
[DEBUG] 2023-01-02 09:35:02.409 [Forwarding newSession on session null to remote] NetUtilInitializations - Loopback interface: lo (Software Loopback Interface 1, 127.0.0.1)
[DEBUG] 2023-01-02 09:35:02.409 [Forwarding newSession on session null to remote] NetUtil - Failed to get SOMAXCONN from sysctl and file \proc\sys\net\core\somaxconn. Default: 200
[DEBUG] 2023-01-02 09:35:02.444 [Forwarding newSession on session null to remote] DefaultChannelId - -Dio.netty.machineId: 40:9f:38:ff:fe:ef:08:cb (auto-detected)
[DEBUG] 2023-01-02 09:35:02.553 [AsyncHttpClient-1-2] AbstractByteBuf - -Dio.netty.buffer.checkAccessible: true
[DEBUG] 2023-01-02 09:35:02.553 [AsyncHttpClient-1-2] AbstractByteBuf - -Dio.netty.buffer.checkBounds: true
[DEBUG] 2023-01-02 09:35:02.553 [AsyncHttpClient-1-2] ResourceLeakDetectorFactory - Loaded default ResourceLeakDetector: io.netty.util.ResourceLeakDetector@5f3fe0f3
[DEBUG] 2023-01-02 09:35:02.598 [AsyncHttpClient-1-2] Recycler - -Dio.netty.recycler.maxCapacityPerThread: 4096
[DEBUG] 2023-01-02 09:35:02.598 [AsyncHttpClient-1-2] Recycler - -Dio.netty.recycler.ratio: 8
[DEBUG] 2023-01-02 09:35:02.598 [AsyncHttpClient-1-2] Recycler - -Dio.netty.recycler.chunkSize: 32
[DEBUG] 2023-01-02 09:35:02.598 [AsyncHttpClient-1-2] Recycler - -Dio.netty.recycler.blocking: false
[DEBUG] 2023-01-02 09:35:03.693 [AsyncHttpClient-1-2] Brotli - brotli4j not in the classpath; Brotli support will be unavailable.
[DEBUG] 2023-01-02 09:35:03.917 [main] ThreadLocalRandom - -Dio.netty.initialSeedUniquifier: 0x455704c62601c206
[INFO ] 2023-01-02 09:35:12.872 [main] BaseClass - URL is opened
[INFO ] 2023-01-02 09:35:13.442 [main] BaseClass - Entered username
[INFO ] 2023-01-02 09:35:13.667 [main] BaseClass - Entered password
title of the page : Guru99 Bank Manager HomePage
[INFO ] 2023-01-02 09:35:20.646 [main] BaseClass - Login test passed
]]></system-out>
    <system-err><![CDATA[SLF4J: Failed to load class "org.slf4j.impl.StaticLoggerBinder".
SLF4J: Defaulting to no-operation (NOP) logger implementation
SLF4J: See http://www.slf4j.org/codes.html#StaticLoggerBinder for further details.
Starting ChromeDriver 108.0.5359.71 (1e0e3868ee06e91ad636a874420e3ca3ae3756ac-refs/branch-heads/5359@{#1016}) on port 21564
Only local connections are allowed.
Please see https://chromedriver.chromium.org/security-considerations for suggestions on keeping ChromeDriver safe.
ChromeDriver was started successfully.
]]></system-err>
  </testcase>
</testsuite>